#-----------------------------------------------------------
# Webtalk v2016.2 (64-bit)
# SW Build 1577090 on Thu Jun  2 16:32:40 MDT 2016
# 
# Start of session at: Fri Sep 30 19:21:04 2016
# Process ID: 3708
# Current directory: C:/Users/Brady/project_aleph/project_aleph.sdk/webtalk
# Command line: wbtcv.exe -mode batch -source sdk_webtalk.tcl
# Log file: C:/Users/Brady/project_aleph/project_aleph.sdk/webtalk/webtalk.log
# Journal file: C:/Users/Brady/project_aleph/project_aleph.sdk/webtalk\webtalk.jou
#-----------------------------------------------------------
source sdk_webtalk.tcl
# webtalk_init -webtalk_dir C:\\Users\\Brady\\project_aleph\\project_aleph.sdk\\webtalk
# webtalk_register_client -client project
# webtalk_add_data -client project -key date_generated -value "Fri Sep 30 19:20:58 2016" -context "software_version_and_target_device"
# webtalk_add_data -client project -key product_version -value "SDK v2016.2" -context "software_version_and_target_device"
# webtalk_add_data -client project -key build_version -value "2016.2" -context "software_version_and_target_device"
# webtalk_add_data -client project -key os_platform -value "amd64" -context "software_version_and_target_device"
# webtalk_add_data -client project -key registration_id -value "" -context "software_version_and_target_device"
# webtalk_add_data -client project -key tool_flow -value "SDK" -context "software_version_and_target_device"
# webtalk_add_data -client project -key beta -value "false" -context "software_version_and_target_device"
# webtalk_add_data -client project -key route_design -value "NA" -context "software_version_and_target_device"
# webtalk_add_data -client project -key target_family -value "NA" -context "software_version_and_target_device"
# webtalk_add_data -client project -key target_device -value "NA" -context "software_version_and_target_device"
# webtalk_add_data -client project -key target_package -value "NA" -context "software_version_and_target_device"
# webtalk_add_data -client project -key target_speed -value "NA" -context "software_version_and_target_device"
# webtalk_add_data -client project -key random_id -value "3vlgpvjs4ele42pa4h7tr9jpua" -context "software_version_and_target_device"
# webtalk_add_data -client project -key project_id -value "2016.2_3" -context "software_version_and_target_device"
# webtalk_add_data -client project -key project_iteration -value "3" -context "software_version_and_target_device"
# webtalk_add_data -client project -key os_name -value "" -context "user_environment"
# webtalk_add_data -client project -key os_release -value "" -context "user_environment"
# webtalk_add_data -client project -key cpu_name -value "" -context "user_environment"
# webtalk_add_data -client project -key cpu_speed -value "" -context "user_environment"
# webtalk_add_data -client project -key total_processors -value "" -context "user_environment"
# webtalk_add_data -client project -key system_ram -value "" -context "user_environment"
# webtalk_register_client -client sdk
# webtalk_add_data -client sdk -key uid -value "1475277985870" -context "sdk\\\\hardware/1475277985870"
# webtalk_add_data -client sdk -key isZynq -value "true" -context "sdk\\\\hardware/1475277985870"
# webtalk_add_data -client sdk -key Processors -value "2" -context "sdk\\\\hardware/1475277985870"
# webtalk_add_data -client sdk -key VivadoVersion -value "2016.2" -context "sdk\\\\hardware/1475277985870"
# webtalk_add_data -client sdk -key Arch -value "zynq" -context "sdk\\\\hardware/1475277985870"
# webtalk_add_data -client sdk -key Device -value "7z010" -context "sdk\\\\hardware/1475277985870"
# webtalk_add_data -client sdk -key IsHandoff -value "true" -context "sdk\\\\hardware/1475277985870"
# webtalk_add_data -client sdk -key uid -value "1475278030220" -context "sdk\\\\bsp/1475278030220"
# webtalk_add_data -client sdk -key hwid -value "1475277985870" -context "sdk\\\\bsp/1475278030220"
# webtalk_add_data -client sdk -key os -value "standalone" -context "sdk\\\\bsp/1475278030220"
# webtalk_add_data -client sdk -key apptemplate -value "null" -context "sdk\\\\bsp/1475278030220"
# webtalk_add_data -client sdk -key uid -value "1475278516571" -context "sdk\\\\bsp/1475278516571"
# webtalk_add_data -client sdk -key hwid -value "1475277985870" -context "sdk\\\\bsp/1475278516571"
# webtalk_add_data -client sdk -key os -value "standalone" -context "sdk\\\\bsp/1475278516571"
# webtalk_add_data -client sdk -key apptemplate -value "null" -context "sdk\\\\bsp/1475278516571"
# webtalk_transmit -clientid 2075498835 -regid "" -xml C:\\Users\\Brady\\project_aleph\\project_aleph.sdk\\webtalk\\usage_statistics_ext_sdk.xml -html C:\\Users\\Brady\\project_aleph\\project_aleph.sdk\\webtalk\\usage_statistics_ext_sdk.html -wdm C:\\Users\\Brady\\project_aleph\\project_aleph.sdk\\webtalk\\sdk_webtalk.wdm -intro "<H3>SDK Usage Report</H3><BR>"
# webtalk_terminate
INFO: [Common 17-206] Exiting Webtalk at Fri Sep 30 19:21:19 2016...
